{"meta": {"format": 3, "version": "7.13.1", "timestamp": "2026-01-01T14:44:03.984162", "branch_coverage": false, "show_contexts": false}, "files": {"app/__init__.py": {"executed_lines": [], "summary": {"covered_lines": 0, "num_statements": 0, "percent_covered": 100.0, "percent_covered_display": "100", "missing_lines": 0, "excluded_lines": 0, "percent_statements_covered": 100.0, "percent_statements_covered_display": "100"}, "missing_lines": [], "excluded_lines": [], "functions": {"": {"executed_lines": [], "summary": {"covered_lines": 0, "num_statements": 0, "percent_covered": 100.0, "percent_covered_display": "100", "missing_lines": 0, "excluded_lines": 0, "percent_statements_covered": 100.0, "percent_statements_covered_display": "100"}, "missing_lines": [], "excluded_lines": [], "start_line": 1}}, "classes": {"": {"executed_lines": [], "summary": {"covered_lines": 0, "num_statements": 0, "percent_covered": 100.0, "percent_covered_display": "100", "missing_lines": 0, "excluded_lines": 0, "percent_statements_covered": 100.0, "percent_statements_covered_display": "100"}, "missing_lines": [], "excluded_lines": [], "start_line": 1}}}, "app/config.py": {"executed_lines": [1, 2, 4, 7, 8, 9, 11, 14, 15, 16, 17, 20, 21, 22, 23, 24, 27, 28, 29, 32, 33, 36, 37, 38, 39, 40, 43, 44, 54, 55, 56, 57, 58, 59, 60, 63], "summary": {"covered_lines": 36, "num_statements": 37, "percent_covered": 97.29729729729729, "percent_covered_display": "97", "missing_lines": 1, "excluded_lines": 0, "percent_statements_covered": 97.29729729729729, "percent_statements_covered_display": "97"}, "missing_lines": [10], "excluded_lines": [], "functions": {"EnvOrThrow": {"executed_lines": [8, 9, 11], "summary": {"covered_lines": 3, "num_statements": 4, "percent_covered": 75.0, "percent_covered_display": "75", "missing_lines": 1, "excluded_lines": 0, "percent_statements_covered": 75.0, "percent_statements_covered_display": "75"}, "missing_lines": [10], "excluded_lines": [], "start_line": 7}, "DBConfig.__init__": {"executed_lines": [16, 17], "summary": {"covered_lines": 2, "num_statements": 2, "percent_covered": 100.0, "percent_covered_display": "100", "missing_lines": 0, "excluded_lines": 0, "percent_statements_covered": 100.0, "percent_statements_covered_display": "100"}, "missing_lines": [], "excluded_lines": [], "start_line": 15}, "AuthConfig.__init__": {"executed_lines": [22, 23, 24], "summary": {"covered_lines": 3, "num_statements": 3, "percent_covered": 100.0, "percent_covered_display": "100", "missing_lines": 0, "excluded_lines": 0, "percent_statements_covered": 100.0, "percent_statements_covered_display": "100"}, "missing_lines": [], "excluded_lines": [], "start_line": 21}, "APILimits.__init__": {"executed_lines": [29], "summary": {"covered_lines": 1, "num_statements": 1, "percent_covered": 100.0, "percent_covered_display": "100", "missing_lines": 0, "excluded_lines": 0, "percent_statements_covered": 100.0, "percent_statements_covered_display": "100"}, "missing_lines": [], "excluded_lines": [], "start_line": 28}, "S3Config.__init__": {"executed_lines": [36, 37, 38, 39, 40], "summary": {"covered_lines": 5, "num_statements": 5, "percent_covered": 100.0, "percent_covered_display": "100", "missing_lines": 0, "excluded_lines": 0, "percent_statements_covered": 100.0, "percent_statements_covered_display": "100"}, "missing_lines": [], "excluded_lines": [], "start_line": 33}, "APIConfig.__init__": {"executed_lines": [54, 55, 56, 57, 58, 59, 60], "summary": {"covered_lines": 7, "num_statements": 7, "percent_covered": 100.0, "percent_covered_display": "100", "missing_lines": 0, "excluded_lines": 0, "percent_statements_covered": 100.0, "percent_statements_covered_display": "100"}, "missing_lines": [], "excluded_lines": [], "start_line": 44}, "": {"executed_lines": [1, 2, 4, 7, 14, 15, 20, 21, 27, 28, 32, 33, 43, 44, 63], "summary": {"covered_lines": 15, "num_statements": 15, "percent_covered": 100.0, "percent_covered_display": "100", "missing_lines": 0, "excluded_lines": 0, "percent_statements_covered": 100.0, "percent_statements_covered_display": "100"}, "missing_lines": [], "excluded_lines": [], "start_line": 1}}, "classes": {"DBConfig": {"executed_lines": [16, 17], "summary": {"covered_lines": 2, "num_statements": 2, "percent_covered": 100.0, "percent_covered_display": "100", "missing_lines": 0, "excluded_lines": 0, "percent_statements_covered": 100.0, "percent_statements_covered_display": "100"}, "missing_lines": [], "excluded_lines": [], "start_line": 14}, "AuthConfig": {"executed_lines": [22, 23, 24], "summary": {"covered_lines": 3, "num_statements": 3, "percent_covered": 100.0, "percent_covered_display": "100", "missing_lines": 0, "excluded_lines": 0, "percent_statements_covered": 100.0, "percent_statements_covered_display": "100"}, "missing_lines": [], "excluded_lines": [], "start_line": 20}, "APILimits": {"executed_lines": [29], "summary": {"covered_lines": 1, "num_statements": 1, "percent_covered": 100.0, "percent_covered_display": "100", "missing_lines": 0, "excluded_lines": 0, "percent_statements_covered": 100.0, "percent_statements_covered_display": "100"}, "missing_lines": [], "excluded_lines": [], "start_line": 27}, "S3Config": {"executed_lines": [36, 37, 38, 39, 40], "summary": {"covered_lines": 5, "num_statements": 5, "percent_covered": 100.0, "percent_covered_display": "100", "missing_lines": 0, "excluded_lines": 0, "percent_statements_covered": 100.0, "percent_statements_covered_display": "100"}, "missing_lines": [], "excluded_lines": [], "start_line": 32}, "APIConfig": {"executed_lines": [54, 55, 56, 57, 58, 59, 60], "summary": {"covered_lines": 7, "num_statements": 7, "percent_covered": 100.0, "percent_covered_display": "100", "missing_lines": 0, "excluded_lines": 0, "percent_statements_covered": 100.0, "percent_statements_covered_display": "100"}, "missing_lines": [], "excluded_lines": [], "start_line": 43}, "": {"executed_lines": [1, 2, 4, 7, 8, 9, 11, 14, 15, 20, 21, 27, 28, 32, 33, 43, 44, 63], "summary": {"covered_lines": 18, "num_statements": 19, "percent_covered": 94.73684210526316, "percent_covered_display": "95", "missing_lines": 1, "excluded_lines": 0, "percent_statements_covered": 94.73684210526316, "percent_statements_covered_display": "95"}, "missing_lines": [10], "excluded_lines": [], "start_line": 1}}}, "app/dependencies.py": {"executed_lines": [1, 2, 3, 4, 5, 6, 7, 13, 16, 17, 19, 20, 22, 24, 27, 28, 36, 37, 38, 40, 43, 47, 51, 55], "summary": {"covered_lines": 24, "num_statements": 32, "percent_covered": 75.0, "percent_covered_display": "75", "missing_lines": 8, "excluded_lines": 0, "percent_statements_covered": 75.0, "percent_statements_covered_display": "75"}, "missing_lines": [18, 21, 33, 39, 44, 48, 52, 56], "excluded_lines": [], "functions": {"get_auth_user": {"executed_lines": [17, 19, 20, 22, 24], "summary": {"covered_lines": 5, "num_statements": 7, "percent_covered": 71.42857142857143, "percent_covered_display": "71", "missing_lines": 2, "excluded_lines": 0, "percent_statements_covered": 71.42857142857143, "percent_statements_covered_display": "71"}, "missing_lines": [18, 21], "excluded_lines": [], "start_line": 16}, "block_guest": {"executed_lines": [28], "summary": {"covered_lines": 1, "num_statements": 2, "percent_covered": 50.0, "percent_covered_display": "50", "missing_lines": 1, "excluded_lines": 0, "percent_statements_covered": 50.0, "percent_statements_covered_display": "50"}, "missing_lines": [33], "excluded_lines": [], "start_line": 27}, "get_bearer_token": {"executed_lines": [37, 38, 40], "summary": {"covered_lines": 3, "num_statements": 4, "percent_covered": 75.0, "percent_covered_display": "75", "missing_lines": 1, "excluded_lines": 0, "percent_statements_covered": 75.0, "percent_statements_covered_display": "75"}, "missing_lines": [39], "excluded_lines": [], "start_line": 36}, "get_send_welcome_email": {"executed_lines": [], "summary": {"covered_lines": 0, "num_statements": 1, "percent_covered": 0.0, "percent_covered_display": "0", "missing_lines": 1, "excluded_lines": 0, "percent_statements_covered": 0.0, "percent_statements_covered_display": "0"}, "missing_lines": [44], "excluded_lines": [], "start_line": 43}, "get_password_changed_email": {"executed_lines": [], "summary": {"covered_lines": 0, "num_statements": 1, "percent_covered": 0.0, "percent_covered_display": "0", "missing_lines": 1, "excluded_lines": 0, "percent_statements_covered": 0.0, "percent_statements_covered_display": "0"}, "missing_lines": [48], "excluded_lines": [], "start_line": 47}, "get_password_reset_email": {"executed_lines": [], "summary": {"covered_lines": 0, "num_statements": 1, "percent_covered": 0.0, "percent_covered_display": "0", "missing_lines": 1, "excluded_lines": 0, "percent_statements_covered": 0.0, "percent_statements_covered_display": "0"}, "missing_lines": [52], "excluded_lines": [], "start_line": 51}, "get_verify_email": {"executed_lines": [], "summary": {"covered_lines": 0, "num_statements": 1, "percent_covered": 0.0, "percent_covered_display": "0", "missing_lines": 1, "excluded_lines": 0, "percent_statements_covered": 0.0, "percent_statements_covered_display": "0"}, "missing_lines": [56], "excluded_lines": [], "start_line": 55}, "": {"executed_lines": [1, 2, 3, 4, 5, 6, 7, 13, 16, 27, 36, 43, 47, 51, 55], "summary": {"covered_lines": 15, "num_statements": 15, "percent_covered": 100.0, "percent_covered_display": "100", "missing_lines": 0, "excluded_lines": 0, "percent_statements_covered": 100.0, "percent_statements_covered_display": "100"}, "missing_lines": [], "excluded_lines": [], "start_line": 1}}, "classes": {"": {"executed_lines": [1, 2, 3, 4, 5, 6, 7, 13, 16, 17, 19, 20, 22, 24, 27, 28, 36, 37, 38, 40, 43, 47, 51, 55], "summary": {"covered_lines": 24, "num_statements": 32, "percent_covered": 75.0, "percent_covered_display": "75", "missing_lines": 8, "excluded_lines": 0, "percent_statements_covered": 75.0, "percent_statements_covered_display": "75"}, "missing_lines": [18, 21, 33, 39, 44, 48, 52, 56], "excluded_lines": [], "start_line": 1}}}, "app/errors.py": {"executed_lines": [1, 2, 5, 6, 9, 10, 13, 14, 17, 18, 21, 22, 25, 26, 29, 30], "summary": {"covered_lines": 16, "num_statements": 16, "percent_covered": 100.0, "percent_covered_display": "100", "missing_lines": 0, "excluded_lines": 0, "percent_statements_covered": 100.0, "percent_statements_covered_display": "100"}, "missing_lines": [], "excluded_lines": [], "functions": {"": {"executed_lines": [1, 2, 5, 6, 9, 10, 13, 14, 17, 18, 21, 22, 25, 26, 29, 30], "summary": {"covered_lines": 16, "num_statements": 16, "percent_covered": 100.0, "percent_covered_display": "100", "missing_lines": 0, "excluded_lines": 0, "percent_statements_covered": 100.0, "percent_statements_covered_display": "100"}, "missing_lines": [], "excluded_lines": [], "start_line": 1}}, "classes": {"NotFoundError": {"executed_lines": [], "summary": {"covered_lines": 0, "num_statements": 0, "percent_covered": 100.0, "percent_covered_display": "100", "missing_lines": 0, "excluded_lines": 0, "percent_statements_covered": 100.0, "percent_statements_covered_display": "100"}, "missing_lines": [], "excluded_lines": [], "start_line": 1}, "DuplicateUserError": {"executed_lines": [], "summary": {"covered_lines": 0, "num_statements": 0, "percent_covered": 100.0, "percent_covered_display": "100", "missing_lines": 0, "excluded_lines": 0, "percent_statements_covered": 100.0, "percent_statements_covered_display": "100"}, "missing_lines": [], "excluded_lines": [], "start_line": 5}, "DatabaseError": {"executed_lines": [], "summary": {"covered_lines": 0, "num_statements": 0, "percent_covered": 100.0, "percent_covered_display": "100", "missing_lines": 0, "excluded_lines": 0, "percent_statements_covered": 100.0, "percent_statements_covered_display": "100"}, "missing_lines": [], "excluded_lines": [], "start_line": 9}, "AuthenticationError": {"executed_lines": [], "summary": {"covered_lines": 0, "num_statements": 0, "percent_covered": 100.0, "percent_covered_display": "100", "missing_lines": 0, "excluded_lines": 0, "percent_statements_covered": 100.0, "percent_statements_covered_display": "100"}, "missing_lines": [], "excluded_lines": [], "start_line": 13}, "UnauthorizedError": {"executed_lines": [], "summary": {"covered_lines": 0, "num_statements": 0, "percent_covered": 100.0, "percent_covered_display": "100", "missing_lines": 0, "excluded_lines": 0, "percent_statements_covered": 100.0, "percent_statements_covered_display": "100"}, "missing_lines": [], "excluded_lines": [], "start_line": 17}, "InvalidGPXError": {"executed_lines": [], "summary": {"covered_lines": 0, "num_statements": 0, "percent_covered": 100.0, "percent_covered_display": "100", "missing_lines": 0, "excluded_lines": 0, "percent_statements_covered": 100.0, "percent_statements_covered_display": "100"}, "missing_lines": [], "excluded_lines": [], "start_line": 21}, "InputError": {"executed_lines": [], "summary": {"covered_lines": 0, "num_statements": 0, "percent_covered": 100.0, "percent_covered_display": "100", "missing_lines": 0, "excluded_lines": 0, "percent_statements_covered": 100.0, "percent_statements_covered_display": "100"}, "missing_lines": [], "excluded_lines": [], "start_line": 25}, "ServerError": {"executed_lines": [], "summary": {"covered_lines": 0, "num_statements": 0, "percent_covered": 100.0, "percent_covered_display": "100", "missing_lines": 0, "excluded_lines": 0, "percent_statements_covered": 100.0, "percent_statements_covered_display": "100"}, "missing_lines": [], "excluded_lines": [], "start_line": 29}, "": {"executed_lines": [1, 2, 5, 6, 9, 10, 13, 14, 17, 18, 21, 22, 25, 26, 29, 30], "summary": {"covered_lines": 16, "num_statements": 16, "percent_covered": 100.0, "percent_covered_display": "100", "missing_lines": 0, "excluded_lines": 0, "percent_statements_covered": 100.0, "percent_statements_covered_display": "100"}, "missing_lines": [], "excluded_lines": [], "start_line": 1}}}, "app/main.py": {"executed_lines": [1, 2, 3, 4, 5, 14, 15, 16, 17, 18, 19, 22, 23, 28, 30, 42, 43, 44, 45, 46, 48, 49, 52, 53, 57, 58, 59, 62, 63, 67, 68, 72, 73, 74, 77, 78, 79, 82, 83, 84, 87, 88, 89, 92, 93, 97, 98, 102, 103, 113, 114], "summary": {"covered_lines": 51, "num_statements": 66, "percent_covered": 77.27272727272727, "percent_covered_display": "77", "missing_lines": 15, "excluded_lines": 0, "percent_statements_covered": 77.27272727272727, "percent_statements_covered_display": "77"}, "missing_lines": [24, 25, 54, 64, 69, 94, 99, 104, 105, 106, 107, 108, 109, 110, 115], "excluded_lines": [], "functions": {"lifespan": {"executed_lines": [], "summary": {"covered_lines": 0, "num_statements": 2, "percent_covered": 0.0, "percent_covered_display": "0", "missing_lines": 2, "excluded_lines": 0, "percent_statements_covered": 0.0, "percent_statements_covered_display": "0"}, "missing_lines": [24, 25], "excluded_lines": [], "start_line": 23}, "user_not_found_handler": {"executed_lines": [], "summary": {"covered_lines": 0, "num_statements": 1, "percent_covered": 0.0, "percent_covered_display": "0", "missing_lines": 1, "excluded_lines": 0, "percent_statements_covered": 0.0, "percent_statements_covered_display": "0"}, "missing_lines": [54], "excluded_lines": [], "start_line": 53}, "value_not_found_handler": {"executed_lines": [59], "summary": {"covered_lines": 1, "num_statements": 1, "percent_covered": 100.0, "percent_covered_display": "100", "missing_lines": 0, "excluded_lines": 0, "percent_statements_covered": 100.0, "percent_statements_covered_display": "100"}, "missing_lines": [], "excluded_lines": [], "start_line": 58}, "database_error_handler": {"executed_lines": [], "summary": {"covered_lines": 0, "num_statements": 1, "percent_covered": 0.0, "percent_covered_display": "0", "missing_lines": 1, "excluded_lines": 0, "percent_statements_covered": 0.0, "percent_statements_covered_display": "0"}, "missing_lines": [64], "excluded_lines": [], "start_line": 63}, "unauth_error_handler": {"executed_lines": [], "summary": {"covered_lines": 0, "num_statements": 1, "percent_covered": 0.0, "percent_covered_display": "0", "missing_lines": 1, "excluded_lines": 0, "percent_statements_covered": 0.0, "percent_statements_covered_display": "0"}, "missing_lines": [69], "excluded_lines": [], "start_line": 68}, "auth_error_handler": {"executed_lines": [74], "summary": {"covered_lines": 1, "num_statements": 1, "percent_covered": 100.0, "percent_covered_display": "100", "missing_lines": 0, "excluded_lines": 0, "percent_statements_covered": 100.0, "percent_statements_covered_display": "100"}, "missing_lines": [], "excluded_lines": [], "start_line": 73}, "gpx_error_handler": {"executed_lines": [79], "summary": {"covered_lines": 1, "num_statements": 1, "percent_covered": 100.0, "percent_covered_display": "100", "missing_lines": 0, "excluded_lines": 0, "percent_statements_covered": 100.0, "percent_statements_covered_display": "100"}, "missing_lines": [], "excluded_lines": [], "start_line": 78}, "input_error_handler": {"executed_lines": [84], "summary": {"covered_lines": 1, "num_statements": 1, "percent_covered": 100.0, "percent_covered_display": "100", "missing_lines": 0, "excluded_lines": 0, "percent_statements_covered": 100.0, "percent_statements_covered_display": "100"}, "missing_lines": [], "excluded_lines": [], "start_line": 83}, "server_error_handler": {"executed_lines": [89], "summary": {"covered_lines": 1, "num_statements": 1, "percent_covered": 100.0, "percent_covered_display": "100", "missing_lines": 0, "excluded_lines": 0, "percent_statements_covered": 100.0, "percent_statements_covered_display": "100"}, "missing_lines": [], "excluded_lines": [], "start_line": 88}, "index": {"executed_lines": [], "summary": {"covered_lines": 0, "num_statements": 1, "percent_covered": 0.0, "percent_covered_display": "0", "missing_lines": 1, "excluded_lines": 0, "percent_statements_covered": 0.0, "percent_statements_covered_display": "0"}, "missing_lines": [94], "excluded_lines": [], "start_line": 93}, "health_check": {"executed_lines": [], "summary": {"covered_lines": 0, "num_statements": 1, "percent_covered": 0.0, "percent_covered_display": "0", "missing_lines": 1, "excluded_lines": 0, "percent_statements_covered": 0.0, "percent_statements_covered_display": "0"}, "missing_lines": [99], "excluded_lines": [], "start_line": 98}, "readiness_check": {"executed_lines": [], "summary": {"covered_lines": 0, "num_statements": 7, "percent_covered": 0.0, "percent_covered_display": "0", "missing_lines": 7, "excluded_lines": 0, "percent_statements_covered": 0.0, "percent_statements_covered_display": "0"}, "missing_lines": [104, 105, 106, 107, 108, 109, 110], "excluded_lines": [], "start_line": 103}, "metrics": {"executed_lines": [], "summary": {"covered_lines": 0, "num_statements": 1, "percent_covered": 0.0, "percent_covered_display": "0", "missing_lines": 1, "excluded_lines": 0, "percent_statements_covered": 0.0, "percent_statements_covered_display": "0"}, "missing_lines": [115], "excluded_lines": [], "start_line": 114}, "": {"executed_lines": [1, 2, 3, 4, 5, 14, 15, 16, 17, 18, 19, 22, 23, 28, 30, 42, 43, 44, 45, 46, 48, 49, 52, 53, 57, 58, 62, 63, 67, 68, 72, 73, 77, 78, 82, 83, 87, 88, 92, 93, 97, 98, 102, 103, 113, 114], "summary": {"covered_lines": 46, "num_statements": 46, "percent_covered": 100.0, "percent_covered_display": "100", "missing_lines": 0, "excluded_lines": 0, "percent_statements_covered": 100.0, "percent_statements_covered_display": "100"}, "missing_lines": [], "excluded_lines": [], "start_line": 1}}, "classes": {"": {"executed_lines": [1, 2, 3, 4, 5, 14, 15, 16, 17, 18, 19, 22, 23, 28, 30, 42, 43, 44, 45, 46, 48, 49, 52, 53, 57, 58, 59, 62, 63, 67, 68, 72, 73, 74, 77, 78, 79, 82, 83, 84, 87, 88, 89, 92, 93, 97, 98, 102, 103, 113, 114], "summary": {"covered_lines": 51, "num_statements": 66, "percent_covered": 77.27272727272727, "percent_covered_display": "77", "missing_lines": 15, "excluded_lines": 0, "percent_statements_covered": 77.27272727272727, "percent_statements_covered_display": "77"}, "missing_lines": [24, 25, 54, 64, 69, 94, 99, 104, 105, 106, 107, 108, 109, 110, 115], "excluded_lines": [], "start_line": 1}}}, "app/models.py": {"executed_lines": [1, 2, 7, 8, 9, 10, 11, 12, 13, 16, 17, 18, 19, 20, 21, 24, 25, 26, 27, 28, 29, 30, 31, 32, 34, 40, 41, 42, 45, 46, 47, 48, 49, 50, 53, 54, 55, 56, 57, 61, 62, 63, 64, 65, 68, 69, 70, 71, 72, 73, 76, 77, 78, 79, 80, 81, 82, 83, 84, 85, 86, 87, 88, 89, 91, 96, 97, 100, 101, 102, 103, 104, 105, 106, 107, 111, 112, 116, 117, 118, 119, 120, 121, 122, 123, 124, 125, 126, 129, 130, 131, 135, 136, 137], "summary": {"covered_lines": 94, "num_statements": 94, "percent_covered": 100.0, "percent_covered_display": "100", "missing_lines": 0, "excluded_lines": 0, "percent_statements_covered": 100.0, "percent_statements_covered_display": "100"}, "missing_lines": [], "excluded_lines": [], "functions": {"": {"executed_lines": [1, 2, 7, 8, 9, 10, 11, 12, 13, 16, 17, 18, 19, 20, 21, 24, 25, 26, 27, 28, 29, 30, 31, 32, 34, 40, 41, 42, 45, 46, 47, 48, 49, 50, 53, 54, 55, 56, 57, 61, 62, 63, 64, 65, 68, 69, 70, 71, 72, 73, 76, 77, 78, 79, 80, 81, 82, 83, 84, 85, 86, 87, 88, 89, 91, 96, 97, 100, 101, 102, 103, 104, 105, 106, 107, 111, 112, 116, 117, 118, 119, 120, 121, 122, 123, 124, 125, 126, 129, 130, 131, 135, 136, 137], "summary": {"covered_lines": 94, "num_statements": 94, "percent_covered": 100.0, "percent_covered_display": "100", "missing_lines": 0, "excluded_lines": 0, "percent_statements_covered": 100.0, "percent_statements_covered_display": "100"}, "missing_lines": [], "excluded_lines": [], "start_line": 1}}, "classes": {"UserModel": {"executed_lines": [], "summary": {"covered_lines": 0, "num_statements": 0, "percent_covered": 100.0, "percent_covered_display": "100", "missing_lines": 0, "excluded_lines": 0, "percent_statements_covered": 100.0, "percent_statements_covered_display": "100"}, "missing_lines": [], "excluded_lines": [], "start_line": 7}, "UserUpdate": {"executed_lines": [], "summary": {"covered_lines": 0, "num_statements": 0, "percent_covered": 100.0, "percent_covered_display": "100", "missing_lines": 0, "excluded_lines": 0, "percent_statements_covered": 100.0, "percent_statements_covered_display": "100"}, "missing_lines": [], "excluded_lines": [], "start_line": 16}, "UserResponse": {"executed_lines": [], "summary": {"covered_lines": 0, "num_statements": 0, "percent_covered": 100.0, "percent_covered_display": "100", "missing_lines": 0, "excluded_lines": 0, "percent_statements_covered": 100.0, "percent_statements_covered_display": "100"}, "missing_lines": [], "excluded_lines": [], "start_line": 24}, "loginForm": {"executed_lines": [], "summary": {"covered_lines": 0, "num_statements": 0, "percent_covered": 100.0, "percent_covered_display": "100", "missing_lines": 0, "excluded_lines": 0, "percent_statements_covered": 100.0, "percent_statements_covered_display": "100"}, "missing_lines": [], "excluded_lines": [], "start_line": 40}, "LoginResponse": {"executed_lines": [], "summary": {"covered_lines": 0, "num_statements": 0, "percent_covered": 100.0, "percent_covered_display": "100", "missing_lines": 0, "excluded_lines": 0, "percent_statements_covered": 100.0, "percent_statements_covered_display": "100"}, "missing_lines": [], "excluded_lines": [], "start_line": 45}, "RefreshResponse": {"executed_lines": [], "summary": {"covered_lines": 0, "num_statements": 0, "percent_covered": 100.0, "percent_covered_display": "100", "missing_lines": 0, "excluded_lines": 0, "percent_statements_covered": 100.0, "percent_statements_covered_display": "100"}, "missing_lines": [], "excluded_lines": [], "start_line": 53}, "TripDraft": {"executed_lines": [], "summary": {"covered_lines": 0, "num_statements": 0, "percent_covered": 100.0, "percent_covered_display": "100", "missing_lines": 0, "excluded_lines": 0, "percent_statements_covered": 100.0, "percent_statements_covered_display": "100"}, "missing_lines": [], "excluded_lines": [], "start_line": 61}, "TripModel": {"executed_lines": [], "summary": {"covered_lines": 0, "num_statements": 0, "percent_covered": 100.0, "percent_covered_display": "100", "missing_lines": 0, "excluded_lines": 0, "percent_statements_covered": 100.0, "percent_statements_covered_display": "100"}, "missing_lines": [], "excluded_lines": [], "start_line": 68}, "TripResponse": {"executed_lines": [], "summary": {"covered_lines": 0, "num_statements": 0, "percent_covered": 100.0, "percent_covered_display": "100", "missing_lines": 0, "excluded_lines": 0, "percent_statements_covered": 100.0, "percent_statements_covered_display": "100"}, "missing_lines": [], "excluded_lines": [], "start_line": 76}, "TripsResponse": {"executed_lines": [], "summary": {"covered_lines": 0, "num_statements": 0, "percent_covered": 100.0, "percent_covered_display": "100", "missing_lines": 0, "excluded_lines": 0, "percent_statements_covered": 100.0, "percent_statements_covered_display": "100"}, "missing_lines": [], "excluded_lines": [], "start_line": 96}, "RideResponse": {"executed_lines": [], "summary": {"covered_lines": 0, "num_statements": 0, "percent_covered": 100.0, "percent_covered_display": "100", "missing_lines": 0, "excluded_lines": 0, "percent_statements_covered": 100.0, "percent_statements_covered_display": "100"}, "missing_lines": [], "excluded_lines": [], "start_line": 111}, "RideModel": {"executed_lines": [], "summary": {"covered_lines": 0, "num_statements": 0, "percent_covered": 100.0, "percent_covered_display": "100", "missing_lines": 0, "excluded_lines": 0, "percent_statements_covered": 100.0, "percent_statements_covered_display": "100"}, "missing_lines": [], "excluded_lines": [], "start_line": 129}, "TripDetailResponse": {"executed_lines": [], "summary": {"covered_lines": 0, "num_statements": 0, "percent_covered": 100.0, "percent_covered_display": "100", "missing_lines": 0, "excluded_lines": 0, "percent_statements_covered": 100.0, "percent_statements_covered_display": "100"}, "missing_lines": [], "excluded_lines": [], "start_line": 135}, "": {"executed_lines": [1, 2, 7, 8, 9, 10, 11, 12, 13, 16, 17, 18, 19, 20, 21, 24, 25, 26, 27, 28, 29, 30, 31, 32, 34, 40, 41, 42, 45, 46, 47, 48, 49, 50, 53, 54, 55, 56, 57, 61, 62, 63, 64, 65, 68, 69, 70, 71, 72, 73, 76, 77, 78, 79, 80, 81, 82, 83, 84, 85, 86, 87, 88, 89, 91, 96, 97, 100, 101, 102, 103, 104, 105, 106, 107, 111, 112, 116, 117, 118, 119, 120, 121, 122, 123, 124, 125, 126, 129, 130, 131, 135, 136, 137], "summary": {"covered_lines": 94, "num_statements": 94, "percent_covered": 100.0, "percent_covered_display": "100", "missing_lines": 0, "excluded_lines": 0, "percent_statements_covered": 100.0, "percent_statements_covered_display": "100"}, "missing_lines": [], "excluded_lines": [], "start_line": 1}}}, "app/routers/__init__.py": {"executed_lines": [], "summary": {"covered_lines": 0, "num_statements": 0, "percent_covered": 100.0, "percent_covered_display": "100", "missing_lines": 0, "excluded_lines": 0, "percent_statements_covered": 100.0, "percent_statements_covered_display": "100"}, "missing_lines": [], "excluded_lines": [], "functions": {"": {"executed_lines": [], "summary": {"covered_lines": 0, "num_statements": 0, "percent_covered": 100.0, "percent_covered_display": "100", "missing_lines": 0, "excluded_lines": 0, "percent_statements_covered": 100.0, "percent_statements_covered_display": "100"}, "missing_lines": [], "excluded_lines": [], "start_line": 1}}, "classes": {"": {"executed_lines": [], "summary": {"covered_lines": 0, "num_statements": 0, "percent_covered": 100.0, "percent_covered_display": "100", "missing_lines": 0, "excluded_lines": 0, "percent_statements_covered": 100.0, "percent_statements_covered_display": "100"}, "missing_lines": [], "excluded_lines": [], "start_line": 1}}}, "app/routers/admin.py": {"executed_lines": [1, 2, 3, 4, 5, 6, 8, 11, 12, 13, 15, 18, 19, 20], "summary": {"covered_lines": 14, "num_statements": 18, "percent_covered": 77.77777777777777, "percent_covered_display": "78", "missing_lines": 4, "excluded_lines": 0, "percent_statements_covered": 77.77777777777777, "percent_statements_covered_display": "78"}, "missing_lines": [14, 16, 21, 22], "excluded_lines": [], "functions": {"handler_reset": {"executed_lines": [13, 15, 18, 19, 20], "summary": {"covered_lines": 5, "num_statements": 9, "percent_covered": 55.55555555555556, "percent_covered_display": "56", "missing_lines": 4, "excluded_lines": 0, "percent_statements_covered": 55.55555555555556, "percent_statements_covered_display": "56"}, "missing_lines": [14, 16, 21, 22], "excluded_lines": [], "start_line": 12}, "": {"executed_lines": [1, 2, 3, 4, 5, 6, 8, 11, 12], "summary": {"covered_lines": 9, "num_statements": 9, "percent_covered": 100.0, "percent_covered_display": "100", "missing_lines": 0, "excluded_lines": 0, "percent_statements_covered": 100.0, "percent_statements_covered_display": "100"}, "missing_lines": [], "excluded_lines": [], "start_line": 1}}, "classes": {"": {"executed_lines": [1, 2, 3, 4, 5, 6, 8, 11, 12, 13, 15, 18, 19, 20], "summary": {"covered_lines": 14, "num_statements": 18, "percent_covered": 77.77777777777777, "percent_covered_display": "78", "missing_lines": 4, "excluded_lines": 0, "percent_statements_covered": 77.77777777777777, "percent_statements_covered_display": "78"}, "missing_lines": [14, 16, 21, 22], "excluded_lines": [], "start_line": 1}}}, "app/routers/auth.py": {"executed_lines": [1, 2, 3, 4, 11, 18, 19, 29, 30, 31, 32, 33, 40, 42, 45, 46, 47, 48, 50, 51, 53, 54, 55, 56, 64, 67, 68, 86, 87, 117, 118, 122, 123, 124, 125, 126, 127, 128, 132, 137, 138, 143, 144, 145, 146, 147, 148, 151, 152, 153, 154, 155, 158, 159, 163, 164, 165], "summary": {"covered_lines": 57, "num_statements": 78, "percent_covered": 73.07692307692308, "percent_covered_display": "73", "missing_lines": 21, "excluded_lines": 0, "percent_statements_covered": 73.07692307692308, "percent_statements_covered_display": "73"}, "missing_lines": [71, 72, 73, 74, 75, 76, 77, 78, 88, 89, 90, 91, 92, 94, 95, 103, 105, 106, 108, 129, 130], "excluded_lines": [], "functions": {"loginHandler": {"executed_lines": [47, 48, 50, 51, 53, 54, 55, 56, 64], "summary": {"covered_lines": 9, "num_statements": 9, "percent_covered": 100.0, "percent_covered_display": "100", "missing_lines": 0, "excluded_lines": 0, "percent_statements_covered": 100.0, "percent_statements_covered_display": "100"}, "missing_lines": [], "excluded_lines": [], "start_line": 46}, "refresh_handler": {"executed_lines": [], "summary": {"covered_lines": 0, "num_statements": 8, "percent_covered": 0.0, "percent_covered_display": "0", "missing_lines": 8, "excluded_lines": 0, "percent_statements_covered": 0.0, "percent_statements_covered_display": "0"}, "missing_lines": [71, 72, 73, 74, 75, 76, 77, 78], "excluded_lines": [], "start_line": 68}, "handler_guestLogin": {"executed_lines": [], "summary": {"covered_lines": 0, "num_statements": 11, "percent_covered": 0.0, "percent_covered_display": "0", "missing_lines": 11, "excluded_lines": 0, "percent_statements_covered": 0.0, "percent_statements_covered_display": "0"}, "missing_lines": [88, 89, 90, 91, 92, 94, 95, 103, 105, 106, 108], "excluded_lines": [], "start_line": 87}, "reset_pwd_handler": {"executed_lines": [122, 123, 124, 125, 126, 127, 128, 132], "summary": {"covered_lines": 8, "num_statements": 10, "percent_covered": 80.0, "percent_covered_display": "80", "missing_lines": 2, "excluded_lines": 0, "percent_statements_covered": 80.0, "percent_statements_covered_display": "80"}, "missing_lines": [129, 130], "excluded_lines": [], "start_line": 118}, "confirm_pwd_handler": {"executed_lines": [143, 144, 145, 146, 147, 148], "summary": {"covered_lines": 6, "num_statements": 6, "percent_covered": 100.0, "percent_covered_display": "100", "missing_lines": 0, "excluded_lines": 0, "percent_statements_covered": 100.0, "percent_statements_covered_display": "100"}, "missing_lines": [], "excluded_lines": [], "start_line": 138}, "confirm_email_handler": {"executed_lines": [153, 154, 155], "summary": {"covered_lines": 3, "num_statements": 3, "percent_covered": 100.0, "percent_covered_display": "100", "missing_lines": 0, "excluded_lines": 0, "percent_statements_covered": 100.0, "percent_statements_covered_display": "100"}, "missing_lines": [], "excluded_lines": [], "start_line": 152}, "verify_email_handler": {"executed_lines": [163, 164, 165], "summary": {"covered_lines": 3, "num_statements": 3, "percent_covered": 100.0, "percent_covered_display": "100", "missing_lines": 0, "excluded_lines": 0, "percent_statements_covered": 100.0, "percent_statements_covered_display": "100"}, "missing_lines": [], "excluded_lines": [], "start_line": 159}, "": {"executed_lines": [1, 2, 3, 4, 11, 18, 19, 29, 30, 31, 32, 33, 40, 42, 45, 46, 67, 68, 86, 87, 117, 118, 137, 138, 151, 152, 158, 159], "summary": {"covered_lines": 28, "num_statements": 28, "percent_covered": 100.0, "percent_covered_display": "100", "missing_lines": 0, "excluded_lines": 0, "percent_statements_covered": 100.0, "percent_statements_covered_display": "100"}, "missing_lines": [], "excluded_lines": [], "start_line": 1}}, "classes": {"": {"executed_lines": [1, 2, 3, 4, 11, 18, 19, 29, 30, 31, 32, 33, 40, 42, 45, 46, 47, 48, 50, 51, 53, 54, 55, 56, 64, 67, 68, 86, 87, 117, 118, 122, 123, 124, 125, 126, 127, 128, 132, 137, 138, 143, 144, 145, 146, 147, 148, 151, 152, 153, 154, 155, 158, 159, 163, 164, 165], "summary": {"covered_lines": 57, "num_statements": 78, "percent_covered": 73.07692307692308, "percent_covered_display": "73", "missing_lines": 21, "excluded_lines": 0, "percent_statements_covered": 73.07692307692308, "percent_statements_covered_display": "73"}, "missing_lines": [71, 72, 73, 74, 75, 76, 77, 78, 88, 89, 90, 91, 92, 94, 95, 103, 105, 106, 108, 129, 130], "excluded_lines": [], "start_line": 1}}}, "app/routers/photos.py": {"executed_lines": [1, 2, 3, 4, 5, 6, 7, 8, 9, 10, 11, 12, 13, 14, 15, 18, 23, 24, 26, 30, 32, 33, 37, 38, 58, 59, 75, 76, 81, 82, 84, 88, 90, 93, 96, 97, 99, 101, 102, 103, 105, 107, 108, 110, 120, 121, 126, 128, 131, 132, 175, 176, 179, 180, 181, 182, 184, 185, 186, 187, 188, 189, 191, 201, 202, 203, 209, 212, 213], "summary": {"covered_lines": 69, "num_statements": 117, "percent_covered": 58.97435897435897, "percent_covered_display": "59", "missing_lines": 48, "excluded_lines": 0, "percent_statements_covered": 58.97435897435897, "percent_statements_covered_display": "59"}, "missing_lines": [25, 27, 31, 41, 42, 43, 44, 45, 46, 47, 48, 49, 51, 52, 60, 61, 63, 64, 65, 70, 72, 85, 91, 94, 137, 138, 140, 141, 143, 144, 146, 147, 148, 149, 151, 153, 154, 155, 156, 157, 158, 160, 170, 171, 214, 215, 217, 223], "excluded_lines": [], "functions": {"validate_photo": {"executed_lines": [24, 26, 30, 32, 33], "summary": {"covered_lines": 5, "num_statements": 8, "percent_covered": 62.5, "percent_covered_display": "62", "missing_lines": 3, "excluded_lines": 0, "percent_statements_covered": 62.5, "percent_statements_covered_display": "62"}, "missing_lines": [25, 27, 31], "excluded_lines": [], "start_line": 23}, "deletePhotosHandler": {"executed_lines": [], "summary": {"covered_lines": 0, "num_statements": 11, "percent_covered": 0.0, "percent_covered_display": "0", "missing_lines": 11, "excluded_lines": 0, "percent_statements_covered": 0.0, "percent_statements_covered_display": "0"}, "missing_lines": [41, 42, 43, 44, 45, 46, 47, 48, 49, 51, 52], "excluded_lines": [], "start_line": 38}, "getPhotosHandler": {"executed_lines": [], "summary": {"covered_lines": 0, "num_statements": 7, "percent_covered": 0.0, "percent_covered_display": "0", "missing_lines": 7, "excluded_lines": 0, "percent_statements_covered": 0.0, "percent_statements_covered_display": "0"}, "missing_lines": [60, 61, 63, 64, 65, 70, 72], "excluded_lines": [], "start_line": 59}, "uploadPhotosHandler": {"executed_lines": [81, 82, 84, 88, 90, 93, 96, 97, 99, 101, 102, 103, 105, 107, 108, 110, 120, 121, 126, 128], "summary": {"covered_lines": 20, "num_statements": 23, "percent_covered": 86.95652173913044, "percent_covered_display": "87", "missing_lines": 3, "excluded_lines": 0, "percent_statements_covered": 86.95652173913044, "percent_statements_covered_display": "87"}, "missing_lines": [85, 91, 94], "excluded_lines": [], "start_line": 76}, "uploadThumbnailHandler": {"executed_lines": [], "summary": {"covered_lines": 0, "num_statements": 20, "percent_covered": 0.0, "percent_covered_display": "0", "missing_lines": 20, "excluded_lines": 0, "percent_statements_covered": 0.0, "percent_statements_covered_display": "0"}, "missing_lines": [137, 138, 140, 141, 143, 144, 146, 147, 148, 149, 151, 153, 154, 155, 156, 157, 158, 160, 170, 171], "excluded_lines": [], "start_line": 132}, "uploadProfilePhotoHandler": {"executed_lines": [179, 180, 181, 182, 184, 185, 186, 187, 188, 189, 191, 201, 202, 203, 209], "summary": {"covered_lines": 15, "num_statements": 15, "percent_covered": 100.0, "percent_covered_display": "100", "missing_lines": 0, "excluded_lines": 0, "percent_statements_covered": 100.0, "percent_statements_covered_display": "100"}, "missing_lines": [], "excluded_lines": [], "start_line": 176}, "getAvatarHandler": {"executed_lines": [], "summary": {"covered_lines": 0, "num_statements": 4, "percent_covered": 0.0, "percent_covered_display": "0", "missing_lines": 4, "excluded_lines": 0, "percent_statements_covered": 0.0, "percent_statements_covered_display": "0"}, "missing_lines": [214, 215, 217, 223], "excluded_lines": [], "start_line": 213}, "": {"executed_lines": [1, 2, 3, 4, 5, 6, 7, 8, 9, 10, 11, 12, 13, 14, 15, 18, 23, 37, 38, 58, 59, 75, 76, 131, 132, 175, 176, 212, 213], "summary": {"covered_lines": 29, "num_statements": 29, "percent_covered": 100.0, "percent_covered_display": "100", "missing_lines": 0, "excluded_lines": 0, "percent_statements_covered": 100.0, "percent_statements_covered_display": "100"}, "missing_lines": [], "excluded_lines": [], "start_line": 1}}, "classes": {"": {"executed_lines": [1, 2, 3, 4, 5, 6, 7, 8, 9, 10, 11, 12, 13, 14, 15, 18, 23, 24, 26, 30, 32, 33, 37, 38, 58, 59, 75, 76, 81, 82, 84, 88, 90, 93, 96, 97, 99, 101, 102, 103, 105, 107, 108, 110, 120, 121, 126, 128, 131, 132, 175, 176, 179, 180, 181, 182, 184, 185, 186, 187, 188, 189, 191, 201, 202, 203, 209, 212, 213], "summary": {"covered_lines": 69, "num_statements": 117, "percent_covered": 58.97435897435897, "percent_covered_display": "59", "missing_lines": 48, "excluded_lines": 0, "percent_statements_covered": 58.97435897435897, "percent_statements_covered_display": "59"}, "missing_lines": [25, 27, 31, 41, 42, 43, 44, 45, 46, 47, 48, 49, 51, 52, 60, 61, 63, 64, 65, 70, 72, 85, 91, 94, 137, 138, 140, 141, 143, 144, 146, 147, 148, 149, 151, 153, 154, 155, 156, 157, 158, 160, 170, 171, 214, 215, 217, 223], "excluded_lines": [], "start_line": 1}}}, "app/routers/trips.py": {"executed_lines": [1, 2, 3, 4, 5, 6, 7, 8, 9, 16, 17, 25, 26, 27, 28, 29, 31, 34, 35, 36, 37, 38, 39, 40, 43, 44, 45, 46, 47, 48, 49, 50, 52, 53, 54, 55, 56, 57, 58, 59, 62, 63, 65, 75, 78, 79, 81, 82, 84, 85, 86, 87, 88, 89, 90, 91, 92, 93, 97, 98, 99, 100, 102, 103, 104, 105, 107, 108, 111, 112, 113, 114, 115, 117, 128, 130, 132, 133, 138, 139, 146, 147, 148, 151, 152, 153, 154, 156, 159, 160, 186, 187, 188, 190, 191, 193, 196, 197, 201, 203, 212, 215, 218, 223, 224, 226, 228, 231, 232, 234, 235, 236, 237, 239, 240, 241, 243, 246, 247, 252, 254, 257, 258, 260, 262, 264, 265, 266, 267, 268, 269, 270, 271, 272, 273, 274, 277, 278, 281, 282, 285, 288, 291, 292, 306, 307], "summary": {"covered_lines": 146, "num_statements": 177, "percent_covered": 82.48587570621469, "percent_covered_display": "82", "missing_lines": 31, "excluded_lines": 0, "percent_statements_covered": 82.48587570621469, "percent_statements_covered_display": "82"}, "missing_lines": [134, 135, 161, 163, 164, 165, 167, 168, 170, 175, 177, 179, 180, 181, 183, 227, 229, 255, 283, 297, 298, 299, 300, 301, 302, 303, 310, 311, 312, 313, 314], "excluded_lines": [], "functions": {"generate_slug": {"executed_lines": [35, 36, 37, 38, 39, 40], "summary": {"covered_lines": 6, "num_statements": 6, "percent_covered": 100.0, "percent_covered_display": "100", "missing_lines": 0, "excluded_lines": 0, "percent_statements_covered": 100.0, "percent_statements_covered_display": "100"}, "missing_lines": [], "excluded_lines": [], "start_line": 34}, "aggregate_trip": {"executed_lines": [44, 45, 46, 47, 48, 49, 50, 52, 53, 54, 55, 56, 57, 58, 59], "summary": {"covered_lines": 15, "num_statements": 15, "percent_covered": 100.0, "percent_covered_display": "100", "missing_lines": 0, "excluded_lines": 0, "percent_statements_covered": 100.0, "percent_statements_covered_display": "100"}, "missing_lines": [], "excluded_lines": [], "start_line": 43}, "generate_bounding_box": {"executed_lines": [63, 65, 75], "summary": {"covered_lines": 3, "num_statements": 3, "percent_covered": 100.0, "percent_covered_display": "100", "missing_lines": 0, "excluded_lines": 0, "percent_statements_covered": 100.0, "percent_statements_covered_display": "100"}, "missing_lines": [], "excluded_lines": [], "start_line": 62}, "extract_gpx_data": {"executed_lines": [79, 81, 82, 84, 85, 86, 87, 88, 89, 90, 91, 92, 93, 97, 98, 99, 100, 102, 103, 104, 105, 107, 108, 111, 112, 113, 114, 115, 117, 128, 130, 132, 133], "summary": {"covered_lines": 33, "num_statements": 35, "percent_covered": 94.28571428571429, "percent_covered_display": "94", "missing_lines": 2, "excluded_lines": 0, "percent_statements_covered": 94.28571428571429, "percent_statements_covered_display": "94"}, "missing_lines": [134, 135], "excluded_lines": [], "start_line": 78}, "validate_gpx_upload": {"executed_lines": [139, 146, 147, 148, 151, 152, 153, 154, 156], "summary": {"covered_lines": 9, "num_statements": 9, "percent_covered": 100.0, "percent_covered_display": "100", "missing_lines": 0, "excluded_lines": 0, "percent_statements_covered": 100.0, "percent_statements_covered_display": "100"}, "missing_lines": [], "excluded_lines": [], "start_line": 138}, "handler_get_trip": {"executed_lines": [], "summary": {"covered_lines": 0, "num_statements": 13, "percent_covered": 0.0, "percent_covered_display": "0", "missing_lines": 13, "excluded_lines": 0, "percent_statements_covered": 0.0, "percent_statements_covered_display": "0"}, "missing_lines": [161, 163, 164, 165, 167, 168, 170, 175, 177, 179, 180, 181, 183], "excluded_lines": [], "start_line": 160}, "handler_get_rides": {"executed_lines": [188, 190, 191, 193], "summary": {"covered_lines": 4, "num_statements": 4, "percent_covered": 100.0, "percent_covered_display": "100", "missing_lines": 0, "excluded_lines": 0, "percent_statements_covered": 100.0, "percent_statements_covered_display": "100"}, "missing_lines": [], "excluded_lines": [], "start_line": 187}, "handler_draft_trip": {"executed_lines": [201, 203, 212], "summary": {"covered_lines": 3, "num_statements": 3, "percent_covered": 100.0, "percent_covered_display": "100", "missing_lines": 0, "excluded_lines": 0, "percent_statements_covered": 100.0, "percent_statements_covered_display": "100"}, "missing_lines": [], "excluded_lines": [], "start_line": 197}, "handler_add_rides": {"executed_lines": [223, 224, 226, 228, 231, 232, 234, 235, 236, 237, 239, 240, 241, 243], "summary": {"covered_lines": 14, "num_statements": 16, "percent_covered": 87.5, "percent_covered_display": "88", "missing_lines": 2, "excluded_lines": 0, "percent_statements_covered": 87.5, "percent_statements_covered_display": "88"}, "missing_lines": [227, 229], "excluded_lines": [], "start_line": 218}, "handler_save_trip": {"executed_lines": [252, 254, 257, 258, 260, 262, 264, 265, 266, 267, 268, 269, 270, 271, 272, 273, 274], "summary": {"covered_lines": 17, "num_statements": 18, "percent_covered": 94.44444444444444, "percent_covered_display": "94", "missing_lines": 1, "excluded_lines": 0, "percent_statements_covered": 94.44444444444444, "percent_statements_covered_display": "94"}, "missing_lines": [255], "excluded_lines": [], "start_line": 247}, "handler_delete_trip": {"executed_lines": [281, 282, 285], "summary": {"covered_lines": 3, "num_statements": 4, "percent_covered": 75.0, "percent_covered_display": "75", "missing_lines": 1, "excluded_lines": 0, "percent_statements_covered": 75.0, "percent_statements_covered_display": "75"}, "missing_lines": [283], "excluded_lines": [], "start_line": 278}, "handler_update_ride": {"executed_lines": [], "summary": {"covered_lines": 0, "num_statements": 7, "percent_covered": 0.0, "percent_covered_display": "0", "missing_lines": 7, "excluded_lines": 0, "percent_statements_covered": 0.0, "percent_statements_covered_display": "0"}, "missing_lines": [297, 298, 299, 300, 301, 302, 303], "excluded_lines": [], "start_line": 292}, "handler_delete_ride": {"executed_lines": [], "summary": {"covered_lines": 0, "num_statements": 5, "percent_covered": 0.0, "percent_covered_display": "0", "missing_lines": 5, "excluded_lines": 0, "percent_statements_covered": 0.0, "percent_statements_covered_display": "0"}, "missing_lines": [310, 311, 312, 313, 314], "excluded_lines": [], "start_line": 307}, "": {"executed_lines": [1, 2, 3, 4, 5, 6, 7, 8, 9, 16, 17, 25, 26, 27, 28, 29, 31, 34, 43, 62, 78, 138, 159, 160, 186, 187, 196, 197, 215, 218, 246, 247, 277, 278, 288, 291, 292, 306, 307], "summary": {"covered_lines": 39, "num_statements": 39, "percent_covered": 100.0, "percent_covered_display": "100", "missing_lines": 0, "excluded_lines": 0, "percent_statements_covered": 100.0, "percent_statements_covered_display": "100"}, "missing_lines": [], "excluded_lines": [], "start_line": 1}}, "classes": {"": {"executed_lines": [1, 2, 3, 4, 5, 6, 7, 8, 9, 16, 17, 25, 26, 27, 28, 29, 31, 34, 35, 36, 37, 38, 39, 40, 43, 44, 45, 46, 47, 48, 49, 50, 52, 53, 54, 55, 56, 57, 58, 59, 62, 63, 65, 75, 78, 79, 81, 82, 84, 85, 86, 87, 88, 89, 90, 91, 92, 93, 97, 98, 99, 100, 102, 103, 104, 105, 107, 108, 111, 112, 113, 114, 115, 117, 128, 130, 132, 133, 138, 139, 146, 147, 148, 151, 152, 153, 154, 156, 159, 160, 186, 187, 188, 190, 191, 193, 196, 197, 201, 203, 212, 215, 218, 223, 224, 226, 228, 231, 232, 234, 235, 236, 237, 239, 240, 241, 243, 246, 247, 252, 254, 257, 258, 260, 262, 264, 265, 266, 267, 268, 269, 270, 271, 272, 273, 274, 277, 278, 281, 282, 285, 288, 291, 292, 306, 307], "summary": {"covered_lines": 146, "num_statements": 177, "percent_covered": 82.48587570621469, "percent_covered_display": "82", "missing_lines": 31, "excluded_lines": 0, "percent_statements_covered": 82.48587570621469, "percent_statements_covered_display": "82"}, "missing_lines": [134, 135, 161, 163, 164, 165, 167, 168, 170, 175, 177, 179, 180, 181, 183, 227, 229, 255, 283, 297, 298, 299, 300, 301, 302, 303, 310, 311, 312, 313, 314], "excluded_lines": [], "start_line": 1}}}, "app/routers/users.py": {"executed_lines": [1, 2, 3, 4, 5, 6, 7, 8, 17, 18, 19, 20, 26, 28, 31, 32, 36, 37, 39, 41, 42, 43, 44, 46, 47, 48, 49, 54, 63, 64, 67, 76, 79, 80, 93, 94, 95, 96, 97, 109, 112, 113, 117, 120, 121, 122, 125, 126, 132, 133, 135, 136, 138, 139, 140, 141, 144, 145, 146], "summary": {"covered_lines": 59, "num_statements": 76, "percent_covered": 77.63157894736842, "percent_covered_display": "78", "missing_lines": 17, "excluded_lines": 0, "percent_statements_covered": 77.63157894736842, "percent_statements_covered_display": "78"}, "missing_lines": [51, 52, 68, 69, 74, 81, 82, 83, 84, 89, 90, 98, 99, 100, 105, 107, 118], "excluded_lines": [], "functions": {"handler_create_user": {"executed_lines": [36, 37, 39, 41, 42, 43, 44, 46, 47, 48, 49, 54], "summary": {"covered_lines": 12, "num_statements": 14, "percent_covered": 85.71428571428571, "percent_covered_display": "86", "missing_lines": 2, "excluded_lines": 0, "percent_statements_covered": 85.71428571428571, "percent_statements_covered_display": "86"}, "missing_lines": [51, 52], "excluded_lines": [], "start_line": 32}, "handler_get_current_user": {"executed_lines": [67, 76], "summary": {"covered_lines": 2, "num_statements": 5, "percent_covered": 40.0, "percent_covered_display": "40", "missing_lines": 3, "excluded_lines": 0, "percent_statements_covered": 40.0, "percent_statements_covered_display": "40"}, "missing_lines": [68, 69, 74], "excluded_lines": [], "start_line": 64}, "handler_get_user_id": {"executed_lines": [], "summary": {"covered_lines": 0, "num_statements": 6, "percent_covered": 0.0, "percent_covered_display": "0", "missing_lines": 6, "excluded_lines": 0, "percent_statements_covered": 0.0, "percent_statements_covered_display": "0"}, "missing_lines": [81, 82, 83, 84, 89, 90], "excluded_lines": [], "start_line": 80}, "handler_get_trips": {"executed_lines": [95, 96, 97, 109], "summary": {"covered_lines": 4, "num_statements": 9, "percent_covered": 44.44444444444444, "percent_covered_display": "44", "missing_lines": 5, "excluded_lines": 0, "percent_statements_covered": 44.44444444444444, "percent_statements_covered_display": "44"}, "missing_lines": [98, 99, 100, 105, 107], "excluded_lines": [], "start_line": 94}, "handler_update_user": {"executed_lines": [117, 120, 121, 122], "summary": {"covered_lines": 4, "num_statements": 5, "percent_covered": 80.0, "percent_covered_display": "80", "missing_lines": 1, "excluded_lines": 0, "percent_statements_covered": 80.0, "percent_statements_covered_display": "80"}, "missing_lines": [118], "excluded_lines": [], "start_line": 113}, "handler_change_password": {"executed_lines": [132, 133, 135, 136, 138, 139, 140, 141], "summary": {"covered_lines": 8, "num_statements": 8, "percent_covered": 100.0, "percent_covered_display": "100", "missing_lines": 0, "excluded_lines": 0, "percent_statements_covered": 100.0, "percent_statements_covered_display": "100"}, "missing_lines": [], "excluded_lines": [], "start_line": 126}, "handler_delete_user": {"executed_lines": [146], "summary": {"covered_lines": 1, "num_statements": 1, "percent_covered": 100.0, "percent_covered_display": "100", "missing_lines": 0, "excluded_lines": 0, "percent_statements_covered": 100.0, "percent_statements_covered_display": "100"}, "missing_lines": [], "excluded_lines": [], "start_line": 145}, "": {"executed_lines": [1, 2, 3, 4, 5, 6, 7, 8, 17, 18, 19, 20, 26, 28, 31, 32, 63, 64, 79, 80, 93, 94, 112, 113, 125, 126, 144, 145], "summary": {"covered_lines": 28, "num_statements": 28, "percent_covered": 100.0, "percent_covered_display": "100", "missing_lines": 0, "excluded_lines": 0, "percent_statements_covered": 100.0, "percent_statements_covered_display": "100"}, "missing_lines": [], "excluded_lines": [], "start_line": 1}}, "classes": {"": {"executed_lines": [1, 2, 3, 4, 5, 6, 7, 8, 17, 18, 19, 20, 26, 28, 31, 32, 36, 37, 39, 41, 42, 43, 44, 46, 47, 48, 49, 54, 63, 64, 67, 76, 79, 80, 93, 94, 95, 96, 97, 109, 112, 113, 117, 120, 121, 122, 125, 126, 132, 133, 135, 136, 138, 139, 140, 141, 144, 145, 146], "summary": {"covered_lines": 59, "num_statements": 76, "percent_covered": 77.63157894736842, "percent_covered_display": "78", "missing_lines": 17, "excluded_lines": 0, "percent_statements_covered": 77.63157894736842, "percent_statements_covered_display": "78"}, "missing_lines": [51, 52, 68, 69, 74, 81, 82, 83, 84, 89, 90, 98, 99, 100, 105, 107, 118], "excluded_lines": [], "start_line": 1}}}, "app/security.py": {"executed_lines": [1, 2, 3, 4, 5, 6, 7, 8, 9, 12, 13, 14, 15, 16, 19, 20, 21, 24, 25, 28, 29, 30, 31, 34, 35, 36, 37, 40, 41, 47, 50, 51, 52, 54, 56, 57, 59, 60, 63, 64, 67, 68, 71, 72, 75, 76, 77, 78, 79, 80, 81, 82], "summary": {"covered_lines": 52, "num_statements": 54, "percent_covered": 96.29629629629629, "percent_covered_display": "96", "missing_lines": 2, "excluded_lines": 0, "percent_statements_covered": 96.29629629629629, "percent_statements_covered_display": "96"}, "missing_lines": [55, 58], "excluded_lines": [], "functions": {"hash_password": {"executed_lines": [20, 21], "summary": {"covered_lines": 2, "num_statements": 2, "percent_covered": 100.0, "percent_covered_display": "100", "missing_lines": 0, "excluded_lines": 0, "percent_statements_covered": 100.0, "percent_statements_covered_display": "100"}, "missing_lines": [], "excluded_lines": [], "start_line": 19}, "verify_password": {"executed_lines": [25], "summary": {"covered_lines": 1, "num_statements": 1, "percent_covered": 100.0, "percent_covered_display": "100", "missing_lines": 0, "excluded_lines": 0, "percent_statements_covered": 100.0, "percent_statements_covered_display": "100"}, "missing_lines": [], "excluded_lines": [], "start_line": 24}, "validate_email": {"executed_lines": [29, 30, 31], "summary": {"covered_lines": 3, "num_statements": 3, "percent_covered": 100.0, "percent_covered_display": "100", "missing_lines": 0, "excluded_lines": 0, "percent_statements_covered": 100.0, "percent_statements_covered_display": "100"}, "missing_lines": [], "excluded_lines": [], "start_line": 28}, "validate_password": {"executed_lines": [35, 36, 37], "summary": {"covered_lines": 3, "num_statements": 3, "percent_covered": 100.0, "percent_covered_display": "100", "missing_lines": 0, "excluded_lines": 0, "percent_statements_covered": 100.0, "percent_statements_covered_display": "100"}, "missing_lines": [], "excluded_lines": [], "start_line": 34}, "make_JWT": {"executed_lines": [41, 47], "summary": {"covered_lines": 2, "num_statements": 2, "percent_covered": 100.0, "percent_covered_display": "100", "missing_lines": 0, "excluded_lines": 0, "percent_statements_covered": 100.0, "percent_statements_covered_display": "100"}, "missing_lines": [], "excluded_lines": [], "start_line": 40}, "verify_JWT": {"executed_lines": [51, 52, 54, 56, 57, 59, 60], "summary": {"covered_lines": 7, "num_statements": 9, "percent_covered": 77.77777777777777, "percent_covered_display": "78", "missing_lines": 2, "excluded_lines": 0, "percent_statements_covered": 77.77777777777777, "percent_statements_covered_display": "78"}, "missing_lines": [55, 58], "excluded_lines": [], "start_line": 50}, "create_refresh_Token": {"executed_lines": [64], "summary": {"covered_lines": 1, "num_statements": 1, "percent_covered": 100.0, "percent_covered_display": "100", "missing_lines": 0, "excluded_lines": 0, "percent_statements_covered": 100.0, "percent_statements_covered_display": "100"}, "missing_lines": [], "excluded_lines": [], "start_line": 63}, "create_one_time_token": {"executed_lines": [68], "summary": {"covered_lines": 1, "num_statements": 1, "percent_covered": 100.0, "percent_covered_display": "100", "missing_lines": 0, "excluded_lines": 0, "percent_statements_covered": 100.0, "percent_statements_covered_display": "100"}, "missing_lines": [], "excluded_lines": [], "start_line": 67}, "hash_token": {"executed_lines": [72], "summary": {"covered_lines": 1, "num_statements": 1, "percent_covered": 100.0, "percent_covered_display": "100", "missing_lines": 0, "excluded_lines": 0, "percent_statements_covered": 100.0, "percent_statements_covered_display": "100"}, "missing_lines": [], "excluded_lines": [], "start_line": 71}, "verify_onetime_token": {"executed_lines": [76, 77, 78, 79, 80, 81, 82], "summary": {"covered_lines": 7, "num_statements": 7, "percent_covered": 100.0, "percent_covered_display": "100", "missing_lines": 0, "excluded_lines": 0, "percent_statements_covered": 100.0, "percent_statements_covered_display": "100"}, "missing_lines": [], "excluded_lines": [], "start_line": 75}, "": {"executed_lines": [1, 2, 3, 4, 5, 6, 7, 8, 9, 12, 13, 14, 15, 16, 19, 24, 28, 34, 40, 50, 63, 67, 71, 75], "summary": {"covered_lines": 24, "num_statements": 24, "percent_covered": 100.0, "percent_covered_display": "100", "missing_lines": 0, "excluded_lines": 0, "percent_statements_covered": 100.0, "percent_statements_covered_display": "100"}, "missing_lines": [], "excluded_lines": [], "start_line": 1}}, "classes": {"JWTPayload": {"executed_lines": [], "summary": {"covered_lines": 0, "num_statements": 0, "percent_covered": 100.0, "percent_covered_display": "100", "missing_lines": 0, "excluded_lines": 0, "percent_statements_covered": 100.0, "percent_statements_covered_display": "100"}, "missing_lines": [], "excluded_lines": [], "start_line": 12}, "": {"executed_lines": [1, 2, 3, 4, 5, 6, 7, 8, 9, 12, 13, 14, 15, 16, 19, 20, 21, 24, 25, 28, 29, 30, 31, 34, 35, 36, 37, 40, 41, 47, 50, 51, 52, 54, 56, 57, 59, 60, 63, 64, 67, 68, 71, 72, 75, 76, 77, 78, 79, 80, 81, 82], "summary": {"covered_lines": 52, "num_statements": 54, "percent_covered": 96.29629629629629, "percent_covered_display": "96", "missing_lines": 2, "excluded_lines": 0, "percent_statements_covered": 96.29629629629629, "percent_statements_covered_display": "96"}, "missing_lines": [55, 58], "excluded_lines": [], "start_line": 1}}}, "app/services/email_services.py": {"executed_lines": [1, 2, 3, 4, 6, 7, 10, 13, 19, 75, 163, 233], "summary": {"covered_lines": 12, "num_statements": 43, "percent_covered": 27.906976744186046, "percent_covered_display": "28", "missing_lines": 31, "excluded_lines": 0, "percent_statements_covered": 27.906976744186046, "percent_statements_covered_display": "28"}, "missing_lines": [14, 15, 16, 20, 22, 61, 63, 65, 72, 76, 77, 78, 79, 146, 147, 148, 149, 151, 153, 164, 166, 218, 219, 221, 223, 234, 236, 292, 293, 295, 297], "excluded_lines": [], "functions": {"render_email": {"executed_lines": [], "summary": {"covered_lines": 0, "num_statements": 3, "percent_covered": 0.0, "percent_covered_display": "0", "missing_lines": 3, "excluded_lines": 0, "percent_statements_covered": 0.0, "percent_statements_covered_display": "0"}, "missing_lines": [14, 15, 16], "excluded_lines": [], "start_line": 13}, "send_password_reset_email": {"executed_lines": [], "summary": {"covered_lines": 0, "num_statements": 6, "percent_covered": 0.0, "percent_covered_display": "0", "missing_lines": 6, "excluded_lines": 0, "percent_statements_covered": 0.0, "percent_statements_covered_display": "0"}, "missing_lines": [20, 22, 61, 63, 65, 72], "excluded_lines": [], "start_line": 19}, "send_password_changed_email": {"executed_lines": [], "summary": {"covered_lines": 0, "num_statements": 10, "percent_covered": 0.0, "percent_covered_display": "0", "missing_lines": 10, "excluded_lines": 0, "percent_statements_covered": 0.0, "percent_statements_covered_display": "0"}, "missing_lines": [76, 77, 78, 79, 146, 147, 148, 149, 151, 153], "excluded_lines": [], "start_line": 75}, "send_welcome_email": {"executed_lines": [], "summary": {"covered_lines": 0, "num_statements": 6, "percent_covered": 0.0, "percent_covered_display": "0", "missing_lines": 6, "excluded_lines": 0, "percent_statements_covered": 0.0, "percent_statements_covered_display": "0"}, "missing_lines": [164, 166, 218, 219, 221, 223], "excluded_lines": [], "start_line": 163}, "send_verify_email": {"executed_lines": [], "summary": {"covered_lines": 0, "num_statements": 6, "percent_covered": 0.0, "percent_covered_display": "0", "missing_lines": 6, "excluded_lines": 0, "percent_statements_covered": 0.0, "percent_statements_covered_display": "0"}, "missing_lines": [234, 236, 292, 293, 295, 297], "excluded_lines": [], "start_line": 233}, "": {"executed_lines": [1, 2, 3, 4, 6, 7, 10, 13, 19, 75, 163, 233], "summary": {"covered_lines": 12, "num_statements": 12, "percent_covered": 100.0, "percent_covered_display": "100", "missing_lines": 0, "excluded_lines": 0, "percent_statements_covered": 100.0, "percent_statements_covered_display": "100"}, "missing_lines": [], "excluded_lines": [], "start_line": 1}}, "classes": {"": {"executed_lines": [1, 2, 3, 4, 6, 7, 10, 13, 19, 75, 163, 233], "summary": {"covered_lines": 12, "num_statements": 43, "percent_covered": 27.906976744186046, "percent_covered_display": "28", "missing_lines": 31, "excluded_lines": 0, "percent_statements_covered": 27.906976744186046, "percent_statements_covered_display": "28"}, "missing_lines": [14, 15, 16, 20, 22, 61, 63, 65, 72, 76, 77, 78, 79, 146, 147, 148, 149, 151, 153, 164, 166, 218, 219, 221, 223, 234, 236, 292, 293, 295, 297], "excluded_lines": [], "start_line": 1}}}, "app/services/file_services.py": {"executed_lines": [1, 2, 3, 4, 5, 6, 9, 17, 18, 19, 20, 21, 30, 33, 51], "summary": {"covered_lines": 15, "num_statements": 32, "percent_covered": 46.875, "percent_covered_display": "47", "missing_lines": 17, "excluded_lines": 0, "percent_statements_covered": 46.875, "percent_statements_covered_display": "47"}, "missing_lines": [27, 28, 34, 35, 36, 39, 43, 45, 46, 47, 48, 52, 53, 55, 57, 60, 61], "excluded_lines": [], "functions": {"upload_to_s3": {"executed_lines": [18, 19, 20, 21, 30], "summary": {"covered_lines": 5, "num_statements": 7, "percent_covered": 71.42857142857143, "percent_covered_display": "71", "missing_lines": 2, "excluded_lines": 0, "percent_statements_covered": 71.42857142857143, "percent_statements_covered_display": "71"}, "missing_lines": [27, 28], "excluded_lines": [], "start_line": 17}, "remove_from_s3": {"executed_lines": [], "summary": {"covered_lines": 0, "num_statements": 9, "percent_covered": 0.0, "percent_covered_display": "0", "missing_lines": 9, "excluded_lines": 0, "percent_statements_covered": 0.0, "percent_statements_covered_display": "0"}, "missing_lines": [34, 35, 36, 39, 43, 45, 46, 47, 48], "excluded_lines": [], "start_line": 33}, "clear_test_bucket": {"executed_lines": [], "summary": {"covered_lines": 0, "num_statements": 6, "percent_covered": 0.0, "percent_covered_display": "0", "missing_lines": 6, "excluded_lines": 0, "percent_statements_covered": 0.0, "percent_statements_covered_display": "0"}, "missing_lines": [52, 53, 55, 57, 60, 61], "excluded_lines": [], "start_line": 51}, "": {"executed_lines": [1, 2, 3, 4, 5, 6, 9, 17, 33, 51], "summary": {"covered_lines": 10, "num_statements": 10, "percent_covered": 100.0, "percent_covered_display": "100", "missing_lines": 0, "excluded_lines": 0, "percent_statements_covered": 100.0, "percent_statements_covered_display": "100"}, "missing_lines": [], "excluded_lines": [], "start_line": 1}}, "classes": {"": {"executed_lines": [1, 2, 3, 4, 5, 6, 9, 17, 18, 19, 20, 21, 30, 33, 51], "summary": {"covered_lines": 15, "num_statements": 32, "percent_covered": 46.875, "percent_covered_display": "47", "missing_lines": 17, "excluded_lines": 0, "percent_statements_covered": 46.875, "percent_statements_covered_display": "47"}, "missing_lines": [27, 28, 34, 35, 36, 39, 43, 45, 46, 47, 48, 52, 53, 55, 57, 60, 61], "excluded_lines": [], "start_line": 1}}}}, "totals": {"covered_lines": 645, "num_statements": 840, "percent_covered": 76.78571428571429, "percent_covered_display": "77", "missing_lines": 195, "excluded_lines": 0, "percent_statements_covered": 76.78571428571429, "percent_statements_covered_display": "77"}}